<?xml version="1.0" encoding="UTF-8"?>
<testsuite name="getting_started.FirstScriptTest" tests="1" skipped="0" failures="0" errors="0" timestamp="2023-05-19T13:34:20" hostname="GS-0306" time="10.76">
  <properties/>
  <testcase name="firstTest" classname="getting_started.FirstScriptTest" time="10.76"/>
  <system-out><![CDATA[You logged into a secure area!
]]></system-out>
  <system-err><![CDATA[Starting ChromeDriver 113.0.5672.63 (0e1a4471d5ae5bf128b1bd8f4d627c8cbd55f70c-refs/branch-heads/5672@{#912}) on port 50039
Only local connections are allowed.
Please see https://chromedriver.chromium.org/security-considerations for suggestions on keeping ChromeDriver safe.
ChromeDriver was started successfully.
may. 19, 2023 8:34:18 A.Â M. org.openqa.selenium.remote.ProtocolHandshake createSession
INFO: Detected dialect: W3C
]]></system-err>
</testsuite>
